<?xml version="1.0" encoding="UTF-8"?>
<!-- Generated by org.testng.reporters.JUnitReportReporter -->
<testsuite skipped="0" hostname="Laptop-RAC-06" name="Sample.Sample" tests="1" failures="0" timestamp="30 Aug 2022 07:18:22 GMT" time="69.478" errors="0">
  <testcase name="test" time="69.478" classname="Sample.Sample"/>
</testsuite> <!-- Sample.Sample -->
